
SQL*Loader: Release 19.0.0.0.0 - Production on Mon Dec 8 23:00:36 2025
Version 19.3.0.0.0

Copyright (c) 1982, 2019, Oracle and/or its affiliates.  All rights reserved.

Control File:   /opt/dba_deployment/data/stocks.ctl
Data File:      /opt/dba_deployment/data/stocks_data_demo.csv
  Bad File:     /opt/dba_deployment/data/stocks_data_demo.bad
  Discard File:  none specified
 
 (Allow all discards)

Number to load: ALL
Number to skip: 0
Errors allowed: 50
Bind array:     250 rows, maximum of 1048576 bytes
Continuation:    none specified
Path used:      Conventional

Table STOCK_USER.STOCKS, loaded from every logical record.
Insert option in effect for this table: INSERT
TRAILING NULLCOLS option in effect

   Column Name                  Position   Len  Term Encl Datatype
------------------------------ ---------- ----- ---- ---- ---------------------
DUMMY_ID                            FIRST     *   ,  O(") CHARACTER            
  (FILLER FIELD)
SYMBOL                               NEXT     *   ,  O(") CHARACTER            
TRADE_DATE                           NEXT     *   ,  O(") CHARACTER            
    SQL string for column : "TO_TIMESTAMP(:trade_date,'YYYY-MM-DD HH24:MI:SS')"
OPEN                                 NEXT     *   ,  O(") CHARACTER            
LOW                                  NEXT     *   ,  O(") CHARACTER            
HIGH                                 NEXT     *   ,  O(") CHARACTER            
CLOSE                                NEXT     *   ,  O(") CHARACTER            
VOLUME                               NEXT     *   ,  O(") CHARACTER            


Table STOCK_USER.STOCKS:
  10001 Rows successfully loaded.
  0 Rows not loaded due to data errors.
  0 Rows not loaded because all WHEN clauses were failed.
  0 Rows not loaded because all fields were null.


Space allocated for bind array:                 451500 bytes(250 rows)
Read   buffer bytes: 1048576

Total logical records skipped:          0
Total logical records read:         10001
Total logical records rejected:         0
Total logical records discarded:        0

Run began on Mon Dec 08 23:00:36 2025
Run ended on Mon Dec 08 23:00:39 2025

Elapsed time was:     00:00:02.77
CPU time was:         00:00:00.09
